<?xml version="1.0" encoding="UTF-8"?>
<!-- Generated by org.testng.reporters.JUnitReportReporter -->
<testsuite hostname="PACLAP-078" failures="0" tests="1" name="YiraHealthTest.BaseTest" time="50.791" errors="0" timestamp="2024-10-16T12:13:56 IST" skipped="0">
  <testcase classname="YiraHealthTest.BaseTest" name="SignIn" time="50.791"/>
</testsuite> <!-- YiraHealthTest.BaseTest -->
