<?xml version="1.0" encoding="UTF-8"?>
<!-- Generated by org.testng.reporters.JUnitReportReporter -->
<testsuite hostname="PACLAP-078" failures="0" tests="1" name="YiraHealth.AppiumBasic" time="78.032" errors="0" timestamp="2024-10-15T16:44:30 IST" skipped="0">
  <testcase classname="YiraHealth.AppiumBasic" name="SignIn" time="78.032"/>
</testsuite> <!-- YiraHealth.AppiumBasic -->
