<?xml version="1.0" encoding="UTF-8"?>
<!-- Generated by org.testng.reporters.JUnitReportReporter -->
<testsuite hostname="PACLAP-078" failures="0" tests="2" name="YiraHealth.Test.MyVaccinationsTest" time="52.631" errors="0" timestamp="2024-10-23T12:39:57 IST" skipped="0">
  <testcase classname="YiraHealth.Test.MyVaccinationsTest" name="addNewVaccination" time="20.742"/>
  <testcase classname="YiraHealth.Test.MyVaccinationsTest" name="SignIn" time="31.889"/>
</testsuite> <!-- YiraHealth.Test.MyVaccinationsTest -->
