<?xml version="1.0" encoding="UTF-8"?>
<!-- Generated by org.testng.reporters.JUnitReportReporter -->
<testsuite hostname="PACLAP-078" failures="0" tests="2" name="YiraHealth.Test.EmergencyContactsTest" time="69.135" errors="0" timestamp="2024-10-23T15:47:17 IST" skipped="0">
  <testcase classname="YiraHealth.Test.EmergencyContactsTest" name="SignIn" time="53.390"/>
  <testcase classname="YiraHealth.Test.EmergencyContactsTest" name="addNewContact" time="15.745"/>
</testsuite> <!-- YiraHealth.Test.EmergencyContactsTest -->
