<?xml version="1.0" encoding="UTF-8"?>
<!-- Generated by org.testng.reporters.JUnitReportReporter -->
<testsuite hostname="PACLAP-078" failures="0" tests="2" name="YiraHealth.Test.LifeStyleTest" time="60.543" errors="0" timestamp="2024-11-06T12:24:56 IST" skipped="0">
  <testcase classname="YiraHealth.Test.LifeStyleTest" name="SignIn" time="44.952"/>
  <testcase classname="YiraHealth.Test.LifeStyleTest" name="lifeStyle" time="15.591"/>
</testsuite> <!-- YiraHealth.Test.LifeStyleTest -->
