<?xml version="1.0" encoding="UTF-8"?>
<!-- Generated by org.testng.reporters.JUnitReportReporter -->
<testsuite hostname="PACLAP-078" failures="0" tests="2" name="YiraHealth.Test.MyPrescription1Test" time="70.319" errors="0" timestamp="2024-11-07T12:27:09 IST" skipped="0">
  <testcase classname="YiraHealth.Test.MyPrescription1Test" name="SignIn" time="43.848"/>
  <testcase classname="YiraHealth.Test.MyPrescription1Test" name="prescriptionRecord" time="26.471"/>
</testsuite> <!-- YiraHealth.Test.MyPrescription1Test -->
