<?xml version="1.0" encoding="UTF-8"?>
<!-- Generated by org.testng.reporters.JUnitReportReporter -->
<testsuite hostname="PACLAP-078" failures="0" tests="2" name="YiraHealth.Test.AllergiesTest" time="81.312" errors="0" timestamp="2024-10-28T16:56:29 IST" skipped="0">
  <testcase classname="YiraHealth.Test.AllergiesTest" name="SignIn" time="55.794"/>
  <testcase classname="YiraHealth.Test.AllergiesTest" name="addNewAllergy" time="25.518"/>
</testsuite> <!-- YiraHealth.Test.AllergiesTest -->
