<?xml version="1.0" encoding="UTF-8"?>
<!-- Generated by org.testng.reporters.JUnitReportReporter -->
<testsuite hostname="PACLAP-078" failures="0" tests="2" name="YiraHealth.Test.MyAllergiesTest" time="69.519" errors="0" timestamp="2024-10-28T15:06:11 IST" skipped="0">
  <testcase classname="YiraHealth.Test.MyAllergiesTest" name="SignIn" time="52.707"/>
  <testcase classname="YiraHealth.Test.MyAllergiesTest" name="addNewAllergy" time="16.812"/>
</testsuite> <!-- YiraHealth.Test.MyAllergiesTest -->
