<?xml version="1.0" encoding="UTF-8"?>
<!-- Generated by org.testng.reporters.JUnitReportReporter -->
<testsuite hostname="PACLAP-078" failures="0" tests="2" name="YiraHealth.Test.FitnessAlertsTest" time="59.136" errors="0" timestamp="2024-10-28T15:00:40 IST" skipped="0">
  <testcase classname="YiraHealth.Test.FitnessAlertsTest" name="yiraNotifications" time="3.772"/>
  <testcase classname="YiraHealth.Test.FitnessAlertsTest" name="SignIn" time="55.364"/>
</testsuite> <!-- YiraHealth.Test.FitnessAlertsTest -->
