<?xml version="1.0" encoding="UTF-8"?>
<!-- Generated by org.testng.reporters.JUnitReportReporter -->
<testsuite hostname="PACLAP-078" failures="0" tests="2" name="YiraHealth.Test.MyFamilyIndependentUserTest" time="73.445" errors="0" timestamp="2024-10-28T13:52:11 IST" skipped="0">
  <testcase classname="YiraHealth.Test.MyFamilyIndependentUserTest" name="SignIn" time="51.891"/>
  <testcase classname="YiraHealth.Test.MyFamilyIndependentUserTest" name="addNewFamilyMumber" time="21.554"/>
</testsuite> <!-- YiraHealth.Test.MyFamilyIndependentUserTest -->
