<?xml version="1.0" encoding="UTF-8"?>
<!-- Generated by org.testng.reporters.JUnitReportReporter -->
<testsuite hostname="PACLAP-078" failures="0" tests="2" name="YiraHealthTest.MyMedicinesTest" time="66.608" errors="0" timestamp="2024-10-17T11:00:09 IST" skipped="0">
  <testcase classname="YiraHealthTest.MyMedicinesTest" name="addNewMedicine" time="13.101"/>
  <testcase classname="YiraHealthTest.MyMedicinesTest" name="SignIn" time="53.507"/>
</testsuite> <!-- YiraHealthTest.MyMedicinesTest -->
