<?xml version="1.0" encoding="UTF-8"?>
<!-- Generated by org.testng.reporters.JUnitReportReporter -->
<testsuite hostname="PACLAP-078" failures="0" tests="2" name="YiraHealth.Test.PoliciesTest" time="75.204" errors="0" timestamp="2024-10-23T11:33:15 IST" skipped="0">
  <testcase classname="YiraHealth.Test.PoliciesTest" name="SignIn" time="52.157"/>
  <testcase classname="YiraHealth.Test.PoliciesTest" name="addNewPolicy" time="23.047"/>
</testsuite> <!-- YiraHealth.Test.PoliciesTest -->
