<?xml version="1.0" encoding="UTF-8"?>
<!-- Generated by org.testng.reporters.JUnitReportReporter -->
<testsuite hostname="PACLAP-078" failures="0" tests="2" name="YiraHealth.Test.MyFamilyTest" time="48.847" errors="0" timestamp="2024-10-28T13:22:34 IST" skipped="0">
  <testcase classname="YiraHealth.Test.MyFamilyTest" name="SignIn" time="31.146"/>
  <testcase classname="YiraHealth.Test.MyFamilyTest" name="addNewFamilyMumber" time="17.701"/>
</testsuite> <!-- YiraHealth.Test.MyFamilyTest -->
