<?xml version="1.0" encoding="UTF-8"?>
<!-- Generated by org.testng.reporters.JUnitReportReporter -->
<testsuite hostname="PACLAP-078" failures="0" tests="2" name="YiraHealth.Test.MyExpenses" time="52.516" errors="0" timestamp="2024-10-28T14:48:08 IST" skipped="0">
  <testcase classname="YiraHealth.Test.MyExpenses" name="SignIn" time="31.789"/>
  <testcase classname="YiraHealth.Test.MyExpenses" name="addNewExpense" time="20.727"/>
</testsuite> <!-- YiraHealth.Test.MyExpenses -->
